<?xml version="1.0" encoding="UTF-8"?>
<!-- Generated by org.testng.reporters.JUnitReportReporter -->
<testsuite hostname="DESKTOP-7TJTQOG" failures="0" tests="1" name="QATest.TestCase1" time="80.281" errors="0" timestamp="2025-04-06T01:38:45 IST" skipped="0">
  <testcase classname="QATest.TestCase1" name="loginNaukri" time="80.281"/>
  <system-out/>
</testsuite> <!-- QATest.TestCase1 -->
