<?xml version="1.0" encoding="UTF-8"?>
<!-- Generated by org.testng.reporters.JUnitReportReporter -->
<testsuite hostname="DESKTOP-7TJTQOG" failures="0" tests="1" name="QATest.TestCase1" time="274.053" errors="0" timestamp="2025-04-06T00:51:06 IST" skipped="0">
  <testcase classname="QATest.TestCase1" name="loginNaukri" time="274.053"/>
</testsuite> <!-- QATest.TestCase1 -->
